<?xml version="1.0" encoding="UTF-8"?>
<testng-results ignored="0" total="1" passed="1" failed="0" skipped="0">
  <reporter-output>
  </reporter-output>
  <suite started-at="2022-03-06T00:49:14Z" name="Default suite" finished-at="2022-03-06T00:49:34Z" duration-ms="19762">
    <groups>
    </groups>
    <test started-at="2022-03-06T00:49:14Z" name="Default test" finished-at="2022-03-06T00:49:34Z" duration-ms="19762">
      <class name="tests.BaseClass">
        <test-method is-config="true" signature="setup()[pri:0, instance:tests.BaseClass@59cba5a]" started-at="2022-03-06T00:49:14Z" name="setup" finished-at="2022-03-06T00:49:34Z" duration-ms="19742" status="PASS">
          <reporter-output>
          </reporter-output>
        </test-method> <!-- setup -->
        <test-method signature="sampletest()[pri:0, instance:tests.BaseClass@59cba5a]" started-at="2022-03-06T00:49:34Z" name="sampletest" finished-at="2022-03-06T00:49:34Z" duration-ms="3" status="PASS">
          <reporter-output>
          </reporter-output>
        </test-method> <!-- sampletest -->
        <test-method is-config="true" signature="teardown()[pri:0, instance:tests.BaseClass@59cba5a]" started-at="2022-03-06T00:49:34Z" name="teardown" finished-at="2022-03-06T00:49:34Z" duration-ms="0" status="PASS">
          <reporter-output>
          </reporter-output>
        </test-method> <!-- teardown -->
      </class> <!-- tests.BaseClass -->
    </test> <!-- Default test -->
  </suite> <!-- Default suite -->
</testng-results>
